INFO: Старт вызова: solve_quadratic args=(0, 0, 3), kwargs={}
INFO: Solving equation: 0x^2 + 0x + 3 = 0
CRITICAL: The equation doesn't make sense
ERROR: Исключение в функции: solve_quadratic: ValueError: a and b cannot be a zero
INFO: Старт вызова: solve_quadratic args=(2, 1, 3), kwargs={}
INFO: Solving equation: 2x^2 + 1x + 3 = 0
DEBUG: Discriminant: -23
WARNING: Discriminant < 0: no real roots
INFO: Успешное завершение: solve_quadratic -> None
INFO: Старт вызова: solve_quadratic args=('q', 1, 3), kwargs={}
INFO: Solving equation: qx^2 + 1x + 3 = 0
CRITICAL: Parameter 'a' must be a number, got: q
ERROR: Исключение в функции: solve_quadratic: TypeError: Coefficient 'a' must be numeric
INFO: Старт вызова: solve_quadratic args=(2, 1, 3), kwargs={}
INFO: Solving equation: 2x^2 + 1x + 3 = 0
DEBUG: Discriminant: -23
WARNING: Discriminant < 0: no real roots
INFO: Успешное завершение: solve_quadratic -> None
INFO: Старт вызова: solve_quadratic args=(2, 4, 3), kwargs={}
INFO: Solving equation: 2x^2 + 4x + 3 = 0
DEBUG: Discriminant: -8
WARNING: Discriminant < 0: no real roots
INFO: Успешное завершение: solve_quadratic -> None
INFO: Старт вызова: solve_quadratic args=(-2, 4, 3), kwargs={}
INFO: Solving equation: -2x^2 + 4x + 3 = 0
DEBUG: Discriminant: 40
INFO: Two real roots computed
INFO: Успешное завершение: solve_quadratic -> (-0.5811388300841898, 2.58113883008419)
INFO: Старт вызова: solve_quadratic args=(-2, 4, 3), kwargs={}
INFO: Solving equation: -2x^2 + 4x + 3 = 0
DEBUG: Discriminant: 40
INFO: Two real roots computed
INFO: Успешное завершение: solve_quadratic -> (-0.5811388300841898, 2.58113883008419)
